

Processing ApplicationController#index (for 127.0.0.1 at 2009-01-17 19:12:01) [GET]
  Session ID: 37117fe0a08065cd223a89e6526055ba
  Parameters: {}


ActionController::RoutingError (No route matches "" with {:method=>:get}):
    /vendor/rails/actionpack/lib/action_controller/routing/recognition_optimisation.rb:67:in `recognize_path'
    /vendor/rails/actionpack/lib/action_controller/routing/route_set.rb:384:in `recognize'
    /vendor/rails/actionpack/lib/action_controller/dispatcher.rb:148:in `handle_request'
    /vendor/rails/actionpack/lib/action_controller/dispatcher.rb:107:in `dispatch'
    /vendor/rails/actionpack/lib/action_controller/dispatcher.rb:104:in `synchronize'
    /vendor/rails/actionpack/lib/action_controller/dispatcher.rb:104:in `dispatch'
    /vendor/rails/actionpack/lib/action_controller/dispatcher.rb:120:in `dispatch_cgi'
    /vendor/rails/actionpack/lib/action_controller/dispatcher.rb:35:in `dispatch'
    /var/lib/gems/1.8/gems/passenger-2.0.6/lib/passenger/railz/request_handler.rb:38:in `process_request'
    /var/lib/gems/1.8/gems/passenger-2.0.6/lib/passenger/abstract_request_handler.rb:165:in `main_loop'
    /var/lib/gems/1.8/gems/passenger-2.0.6/lib/passenger/railz/application_spawner.rb:321:in `start_request_handler'
    /var/lib/gems/1.8/gems/passenger-2.0.6/lib/passenger/railz/application_spawner.rb:282:in `handle_spawn_application'
    /var/lib/gems/1.8/gems/passenger-2.0.6/lib/passenger/utils.rb:163:in `safe_fork'
    /var/lib/gems/1.8/gems/passenger-2.0.6/lib/passenger/utils.rb:161:in `fork'
    /var/lib/gems/1.8/gems/passenger-2.0.6/lib/passenger/utils.rb:161:in `safe_fork'
    /var/lib/gems/1.8/gems/passenger-2.0.6/lib/passenger/railz/application_spawner.rb:280:in `handle_spawn_application'
    /var/lib/gems/1.8/gems/passenger-2.0.6/lib/passenger/utils.rb:163:in `safe_fork'
    /var/lib/gems/1.8/gems/passenger-2.0.6/lib/passenger/utils.rb:161:in `fork'
    /var/lib/gems/1.8/gems/passenger-2.0.6/lib/passenger/utils.rb:161:in `safe_fork'
    /var/lib/gems/1.8/gems/passenger-2.0.6/lib/passenger/railz/application_spawner.rb:279:in `handle_spawn_application'
    /var/lib/gems/1.8/gems/passenger-2.0.6/lib/passenger/abstract_server.rb:317:in `__send__'
    /var/lib/gems/1.8/gems/passenger-2.0.6/lib/passenger/abstract_server.rb:317:in `main_loop'
    /var/lib/gems/1.8/gems/passenger-2.0.6/lib/passenger/abstract_server.rb:168:in `start_synchronously'
    /var/lib/gems/1.8/gems/passenger-2.0.6/lib/passenger/abstract_server.rb:135:in `start'
    /var/lib/gems/1.8/gems/passenger-2.0.6/lib/passenger/abstract_server.rb:112:in `fork'
    /var/lib/gems/1.8/gems/passenger-2.0.6/lib/passenger/abstract_server.rb:112:in `start'
    /var/lib/gems/1.8/gems/passenger-2.0.6/lib/passenger/railz/application_spawner.rb:179:in `start'
    /var/lib/gems/1.8/gems/passenger-2.0.6/lib/passenger/spawn_manager.rb:222:in `spawn_rails_application'
    /var/lib/gems/1.8/gems/passenger-2.0.6/lib/passenger/spawn_manager.rb:217:in `synchronize'
    /var/lib/gems/1.8/gems/passenger-2.0.6/lib/passenger/spawn_manager.rb:217:in `spawn_rails_application'
    /var/lib/gems/1.8/gems/passenger-2.0.6/lib/passenger/spawn_manager.rb:126:in `spawn_application'
    /var/lib/gems/1.8/gems/passenger-2.0.6/lib/passenger/spawn_manager.rb:251:in `handle_spawn_application'
    /var/lib/gems/1.8/gems/passenger-2.0.6/lib/passenger/abstract_server.rb:317:in `__send__'
    /var/lib/gems/1.8/gems/passenger-2.0.6/lib/passenger/abstract_server.rb:317:in `main_loop'
    /var/lib/gems/1.8/gems/passenger-2.0.6/lib/passenger/abstract_server.rb:168:in `start_synchronously'
    /var/lib/gems/1.8/gems/passenger-2.0.6/bin/passenger-spawn-server:46

Rendering /home/iron4o/rails/bugtracker/vendor/rails/actionpack/lib/action_controller/templates/rescues/layout.erb (not_found)


Processing ApplicationController#index (for 127.0.0.1 at 2009-01-17 19:12:18) [GET]
  Session ID: BAh7BiIKZmxhc2hJQzonQWN0aW9uQ29udHJvbGxlcjo6Rmxhc2g6OkZsYXNo
SGFzaHsABjoKQHVzZWR7AA==--d625b3ff7d4471642518930b87cfbd61ce62054b
  Parameters: {}


ActionController::RoutingError (No route matches "/rails/info/properties" with {:method=>:get}):
    /vendor/rails/actionpack/lib/action_controller/routing/recognition_optimisation.rb:67:in `recognize_path'
    /vendor/rails/actionpack/lib/action_controller/routing/route_set.rb:384:in `recognize'
    /vendor/rails/actionpack/lib/action_controller/dispatcher.rb:148:in `handle_request'
    /vendor/rails/actionpack/lib/action_controller/dispatcher.rb:107:in `dispatch'
    /vendor/rails/actionpack/lib/action_controller/dispatcher.rb:104:in `synchronize'
    /vendor/rails/actionpack/lib/action_controller/dispatcher.rb:104:in `dispatch'
    /vendor/rails/actionpack/lib/action_controller/dispatcher.rb:120:in `dispatch_cgi'
    /vendor/rails/actionpack/lib/action_controller/dispatcher.rb:35:in `dispatch'
    /var/lib/gems/1.8/gems/passenger-2.0.6/lib/passenger/railz/request_handler.rb:38:in `process_request'
    /var/lib/gems/1.8/gems/passenger-2.0.6/lib/passenger/abstract_request_handler.rb:165:in `main_loop'
    /var/lib/gems/1.8/gems/passenger-2.0.6/lib/passenger/railz/application_spawner.rb:321:in `start_request_handler'
    /var/lib/gems/1.8/gems/passenger-2.0.6/lib/passenger/railz/application_spawner.rb:282:in `handle_spawn_application'
    /var/lib/gems/1.8/gems/passenger-2.0.6/lib/passenger/utils.rb:163:in `safe_fork'
    /var/lib/gems/1.8/gems/passenger-2.0.6/lib/passenger/utils.rb:161:in `fork'
    /var/lib/gems/1.8/gems/passenger-2.0.6/lib/passenger/utils.rb:161:in `safe_fork'
    /var/lib/gems/1.8/gems/passenger-2.0.6/lib/passenger/railz/application_spawner.rb:280:in `handle_spawn_application'
    /var/lib/gems/1.8/gems/passenger-2.0.6/lib/passenger/utils.rb:163:in `safe_fork'
    /var/lib/gems/1.8/gems/passenger-2.0.6/lib/passenger/utils.rb:161:in `fork'
    /var/lib/gems/1.8/gems/passenger-2.0.6/lib/passenger/utils.rb:161:in `safe_fork'
    /var/lib/gems/1.8/gems/passenger-2.0.6/lib/passenger/railz/application_spawner.rb:279:in `handle_spawn_application'
    /var/lib/gems/1.8/gems/passenger-2.0.6/lib/passenger/abstract_server.rb:317:in `__send__'
    /var/lib/gems/1.8/gems/passenger-2.0.6/lib/passenger/abstract_server.rb:317:in `main_loop'
    /var/lib/gems/1.8/gems/passenger-2.0.6/lib/passenger/abstract_server.rb:168:in `start_synchronously'
    /var/lib/gems/1.8/gems/passenger-2.0.6/lib/passenger/abstract_server.rb:135:in `start'
    /var/lib/gems/1.8/gems/passenger-2.0.6/lib/passenger/abstract_server.rb:112:in `fork'
    /var/lib/gems/1.8/gems/passenger-2.0.6/lib/passenger/abstract_server.rb:112:in `start'
    /var/lib/gems/1.8/gems/passenger-2.0.6/lib/passenger/railz/application_spawner.rb:179:in `start'
    /var/lib/gems/1.8/gems/passenger-2.0.6/lib/passenger/spawn_manager.rb:222:in `spawn_rails_application'
    /var/lib/gems/1.8/gems/passenger-2.0.6/lib/passenger/spawn_manager.rb:217:in `synchronize'
    /var/lib/gems/1.8/gems/passenger-2.0.6/lib/passenger/spawn_manager.rb:217:in `spawn_rails_application'
    /var/lib/gems/1.8/gems/passenger-2.0.6/lib/passenger/spawn_manager.rb:126:in `spawn_application'
    /var/lib/gems/1.8/gems/passenger-2.0.6/lib/passenger/spawn_manager.rb:251:in `handle_spawn_application'
    /var/lib/gems/1.8/gems/passenger-2.0.6/lib/passenger/abstract_server.rb:317:in `__send__'
    /var/lib/gems/1.8/gems/passenger-2.0.6/lib/passenger/abstract_server.rb:317:in `main_loop'
    /var/lib/gems/1.8/gems/passenger-2.0.6/lib/passenger/abstract_server.rb:168:in `start_synchronously'
    /var/lib/gems/1.8/gems/passenger-2.0.6/bin/passenger-spawn-server:46

Rendering /home/iron4o/rails/bugtracker/vendor/rails/actionpack/lib/action_controller/templates/rescues/layout.erb (not_found)


Processing ApplicationController#index (for 127.0.0.1 at 2009-01-17 19:23:32) [GET]
  Session ID: BAh7BiIKZmxhc2hJQzonQWN0aW9uQ29udHJvbGxlcjo6Rmxhc2g6OkZsYXNo
SGFzaHsABjoKQHVzZWR7AA==--d625b3ff7d4471642518930b87cfbd61ce62054b
  Parameters: {}


ActionController::RoutingError (No route matches "/rails/info/properties" with {:method=>:get}):
    /vendor/rails/actionpack/lib/action_controller/routing/recognition_optimisation.rb:67:in `recognize_path'
    /vendor/rails/actionpack/lib/action_controller/routing/route_set.rb:384:in `recognize'
    /vendor/rails/actionpack/lib/action_controller/dispatcher.rb:148:in `handle_request'
    /vendor/rails/actionpack/lib/action_controller/dispatcher.rb:107:in `dispatch'
    /vendor/rails/actionpack/lib/action_controller/dispatcher.rb:104:in `synchronize'
    /vendor/rails/actionpack/lib/action_controller/dispatcher.rb:104:in `dispatch'
    /vendor/rails/actionpack/lib/action_controller/dispatcher.rb:120:in `dispatch_cgi'
    /vendor/rails/actionpack/lib/action_controller/dispatcher.rb:35:in `dispatch'
    /var/lib/gems/1.8/gems/passenger-2.0.6/lib/passenger/railz/request_handler.rb:38:in `process_request'
    /var/lib/gems/1.8/gems/passenger-2.0.6/lib/passenger/abstract_request_handler.rb:165:in `main_loop'
    /var/lib/gems/1.8/gems/passenger-2.0.6/lib/passenger/railz/application_spawner.rb:321:in `start_request_handler'
    /var/lib/gems/1.8/gems/passenger-2.0.6/lib/passenger/railz/application_spawner.rb:282:in `handle_spawn_application'
    /var/lib/gems/1.8/gems/passenger-2.0.6/lib/passenger/utils.rb:163:in `safe_fork'
    /var/lib/gems/1.8/gems/passenger-2.0.6/lib/passenger/utils.rb:161:in `fork'
    /var/lib/gems/1.8/gems/passenger-2.0.6/lib/passenger/utils.rb:161:in `safe_fork'
    /var/lib/gems/1.8/gems/passenger-2.0.6/lib/passenger/railz/application_spawner.rb:280:in `handle_spawn_application'
    /var/lib/gems/1.8/gems/passenger-2.0.6/lib/passenger/utils.rb:163:in `safe_fork'
    /var/lib/gems/1.8/gems/passenger-2.0.6/lib/passenger/utils.rb:161:in `fork'
    /var/lib/gems/1.8/gems/passenger-2.0.6/lib/passenger/utils.rb:161:in `safe_fork'
    /var/lib/gems/1.8/gems/passenger-2.0.6/lib/passenger/railz/application_spawner.rb:279:in `handle_spawn_application'
    /var/lib/gems/1.8/gems/passenger-2.0.6/lib/passenger/abstract_server.rb:317:in `__send__'
    /var/lib/gems/1.8/gems/passenger-2.0.6/lib/passenger/abstract_server.rb:317:in `main_loop'
    /var/lib/gems/1.8/gems/passenger-2.0.6/lib/passenger/abstract_server.rb:168:in `start_synchronously'
    /var/lib/gems/1.8/gems/passenger-2.0.6/lib/passenger/abstract_server.rb:135:in `start'
    /var/lib/gems/1.8/gems/passenger-2.0.6/lib/passenger/abstract_server.rb:112:in `fork'
    /var/lib/gems/1.8/gems/passenger-2.0.6/lib/passenger/abstract_server.rb:112:in `start'
    /var/lib/gems/1.8/gems/passenger-2.0.6/lib/passenger/railz/application_spawner.rb:179:in `start'
    /var/lib/gems/1.8/gems/passenger-2.0.6/lib/passenger/spawn_manager.rb:222:in `spawn_rails_application'
    /var/lib/gems/1.8/gems/passenger-2.0.6/lib/passenger/spawn_manager.rb:217:in `synchronize'
    /var/lib/gems/1.8/gems/passenger-2.0.6/lib/passenger/spawn_manager.rb:217:in `spawn_rails_application'
    /var/lib/gems/1.8/gems/passenger-2.0.6/lib/passenger/spawn_manager.rb:126:in `spawn_application'
    /var/lib/gems/1.8/gems/passenger-2.0.6/lib/passenger/spawn_manager.rb:251:in `handle_spawn_application'
    /var/lib/gems/1.8/gems/passenger-2.0.6/lib/passenger/abstract_server.rb:317:in `__send__'
    /var/lib/gems/1.8/gems/passenger-2.0.6/lib/passenger/abstract_server.rb:317:in `main_loop'
    /var/lib/gems/1.8/gems/passenger-2.0.6/lib/passenger/abstract_server.rb:168:in `start_synchronously'
    /var/lib/gems/1.8/gems/passenger-2.0.6/bin/passenger-spawn-server:46

Rendering /home/iron4o/rails/bugtracker/vendor/rails/actionpack/lib/action_controller/templates/rescues/layout.erb (not_found)


Processing ApplicationController#index (for 127.0.0.1 at 2009-01-17 19:23:38) [GET]
  Session ID: BAh7BiIKZmxhc2hJQzonQWN0aW9uQ29udHJvbGxlcjo6Rmxhc2g6OkZsYXNo
SGFzaHsABjoKQHVzZWR7AA==--d625b3ff7d4471642518930b87cfbd61ce62054b
  Parameters: {}


ActionController::RoutingError (No route matches "/rails/info/properties" with {:method=>:get}):
    /vendor/rails/actionpack/lib/action_controller/routing/recognition_optimisation.rb:67:in `recognize_path'
    /vendor/rails/actionpack/lib/action_controller/routing/route_set.rb:384:in `recognize'
    /vendor/rails/actionpack/lib/action_controller/dispatcher.rb:148:in `handle_request'
    /vendor/rails/actionpack/lib/action_controller/dispatcher.rb:107:in `dispatch'
    /vendor/rails/actionpack/lib/action_controller/dispatcher.rb:104:in `synchronize'
    /vendor/rails/actionpack/lib/action_controller/dispatcher.rb:104:in `dispatch'
    /vendor/rails/actionpack/lib/action_controller/dispatcher.rb:120:in `dispatch_cgi'
    /vendor/rails/actionpack/lib/action_controller/dispatcher.rb:35:in `dispatch'
    /var/lib/gems/1.8/gems/passenger-2.0.6/lib/passenger/railz/request_handler.rb:38:in `process_request'
    /var/lib/gems/1.8/gems/passenger-2.0.6/lib/passenger/abstract_request_handler.rb:165:in `main_loop'
    /var/lib/gems/1.8/gems/passenger-2.0.6/lib/passenger/railz/application_spawner.rb:321:in `start_request_handler'
    /var/lib/gems/1.8/gems/passenger-2.0.6/lib/passenger/railz/application_spawner.rb:282:in `handle_spawn_application'
    /var/lib/gems/1.8/gems/passenger-2.0.6/lib/passenger/utils.rb:163:in `safe_fork'
    /var/lib/gems/1.8/gems/passenger-2.0.6/lib/passenger/utils.rb:161:in `fork'
    /var/lib/gems/1.8/gems/passenger-2.0.6/lib/passenger/utils.rb:161:in `safe_fork'
    /var/lib/gems/1.8/gems/passenger-2.0.6/lib/passenger/railz/application_spawner.rb:280:in `handle_spawn_application'
    /var/lib/gems/1.8/gems/passenger-2.0.6/lib/passenger/utils.rb:163:in `safe_fork'
    /var/lib/gems/1.8/gems/passenger-2.0.6/lib/passenger/utils.rb:161:in `fork'
    /var/lib/gems/1.8/gems/passenger-2.0.6/lib/passenger/utils.rb:161:in `safe_fork'
    /var/lib/gems/1.8/gems/passenger-2.0.6/lib/passenger/railz/application_spawner.rb:279:in `handle_spawn_application'
    /var/lib/gems/1.8/gems/passenger-2.0.6/lib/passenger/abstract_server.rb:317:in `__send__'
    /var/lib/gems/1.8/gems/passenger-2.0.6/lib/passenger/abstract_server.rb:317:in `main_loop'
    /var/lib/gems/1.8/gems/passenger-2.0.6/lib/passenger/abstract_server.rb:168:in `start_synchronously'
    /var/lib/gems/1.8/gems/passenger-2.0.6/lib/passenger/abstract_server.rb:135:in `start'
    /var/lib/gems/1.8/gems/passenger-2.0.6/lib/passenger/abstract_server.rb:112:in `fork'
    /var/lib/gems/1.8/gems/passenger-2.0.6/lib/passenger/abstract_server.rb:112:in `start'
    /var/lib/gems/1.8/gems/passenger-2.0.6/lib/passenger/railz/application_spawner.rb:179:in `start'
    /var/lib/gems/1.8/gems/passenger-2.0.6/lib/passenger/spawn_manager.rb:222:in `spawn_rails_application'
    /var/lib/gems/1.8/gems/passenger-2.0.6/lib/passenger/spawn_manager.rb:217:in `synchronize'
    /var/lib/gems/1.8/gems/passenger-2.0.6/lib/passenger/spawn_manager.rb:217:in `spawn_rails_application'
    /var/lib/gems/1.8/gems/passenger-2.0.6/lib/passenger/spawn_manager.rb:126:in `spawn_application'
    /var/lib/gems/1.8/gems/passenger-2.0.6/lib/passenger/spawn_manager.rb:251:in `handle_spawn_application'
    /var/lib/gems/1.8/gems/passenger-2.0.6/lib/passenger/abstract_server.rb:317:in `__send__'
    /var/lib/gems/1.8/gems/passenger-2.0.6/lib/passenger/abstract_server.rb:317:in `main_loop'
    /var/lib/gems/1.8/gems/passenger-2.0.6/lib/passenger/abstract_server.rb:168:in `start_synchronously'
    /var/lib/gems/1.8/gems/passenger-2.0.6/bin/passenger-spawn-server:46

Rendering /home/iron4o/rails/bugtracker/vendor/rails/actionpack/lib/action_controller/templates/rescues/layout.erb (not_found)


Processing ApplicationController#index (for 127.0.0.1 at 2009-01-17 19:23:40) [GET]
  Session ID: BAh7BiIKZmxhc2hJQzonQWN0aW9uQ29udHJvbGxlcjo6Rmxhc2g6OkZsYXNo
SGFzaHsABjoKQHVzZWR7AA==--d625b3ff7d4471642518930b87cfbd61ce62054b
  Parameters: {}


ActionController::RoutingError (No route matches "/rails/info/properties" with {:method=>:get}):
    /vendor/rails/actionpack/lib/action_controller/routing/recognition_optimisation.rb:67:in `recognize_path'
    /vendor/rails/actionpack/lib/action_controller/routing/route_set.rb:384:in `recognize'
    /vendor/rails/actionpack/lib/action_controller/dispatcher.rb:148:in `handle_request'
    /vendor/rails/actionpack/lib/action_controller/dispatcher.rb:107:in `dispatch'
    /vendor/rails/actionpack/lib/action_controller/dispatcher.rb:104:in `synchronize'
    /vendor/rails/actionpack/lib/action_controller/dispatcher.rb:104:in `dispatch'
    /vendor/rails/actionpack/lib/action_controller/dispatcher.rb:120:in `dispatch_cgi'
    /vendor/rails/actionpack/lib/action_controller/dispatcher.rb:35:in `dispatch'
    /var/lib/gems/1.8/gems/passenger-2.0.6/lib/passenger/railz/request_handler.rb:38:in `process_request'
    /var/lib/gems/1.8/gems/passenger-2.0.6/lib/passenger/abstract_request_handler.rb:165:in `main_loop'
    /var/lib/gems/1.8/gems/passenger-2.0.6/lib/passenger/railz/application_spawner.rb:321:in `start_request_handler'
    /var/lib/gems/1.8/gems/passenger-2.0.6/lib/passenger/railz/application_spawner.rb:282:in `handle_spawn_application'
    /var/lib/gems/1.8/gems/passenger-2.0.6/lib/passenger/utils.rb:163:in `safe_fork'
    /var/lib/gems/1.8/gems/passenger-2.0.6/lib/passenger/utils.rb:161:in `fork'
    /var/lib/gems/1.8/gems/passenger-2.0.6/lib/passenger/utils.rb:161:in `safe_fork'
    /var/lib/gems/1.8/gems/passenger-2.0.6/lib/passenger/railz/application_spawner.rb:280:in `handle_spawn_application'
    /var/lib/gems/1.8/gems/passenger-2.0.6/lib/passenger/utils.rb:163:in `safe_fork'
    /var/lib/gems/1.8/gems/passenger-2.0.6/lib/passenger/utils.rb:161:in `fork'
    /var/lib/gems/1.8/gems/passenger-2.0.6/lib/passenger/utils.rb:161:in `safe_fork'
    /var/lib/gems/1.8/gems/passenger-2.0.6/lib/passenger/railz/application_spawner.rb:279:in `handle_spawn_application'
    /var/lib/gems/1.8/gems/passenger-2.0.6/lib/passenger/abstract_server.rb:317:in `__send__'
    /var/lib/gems/1.8/gems/passenger-2.0.6/lib/passenger/abstract_server.rb:317:in `main_loop'
    /var/lib/gems/1.8/gems/passenger-2.0.6/lib/passenger/abstract_server.rb:168:in `start_synchronously'
    /var/lib/gems/1.8/gems/passenger-2.0.6/lib/passenger/abstract_server.rb:135:in `start'
    /var/lib/gems/1.8/gems/passenger-2.0.6/lib/passenger/abstract_server.rb:112:in `fork'
    /var/lib/gems/1.8/gems/passenger-2.0.6/lib/passenger/abstract_server.rb:112:in `start'
    /var/lib/gems/1.8/gems/passenger-2.0.6/lib/passenger/railz/application_spawner.rb:179:in `start'
    /var/lib/gems/1.8/gems/passenger-2.0.6/lib/passenger/spawn_manager.rb:222:in `spawn_rails_application'
    /var/lib/gems/1.8/gems/passenger-2.0.6/lib/passenger/spawn_manager.rb:217:in `synchronize'
    /var/lib/gems/1.8/gems/passenger-2.0.6/lib/passenger/spawn_manager.rb:217:in `spawn_rails_application'
    /var/lib/gems/1.8/gems/passenger-2.0.6/lib/passenger/spawn_manager.rb:126:in `spawn_application'
    /var/lib/gems/1.8/gems/passenger-2.0.6/lib/passenger/spawn_manager.rb:251:in `handle_spawn_application'
    /var/lib/gems/1.8/gems/passenger-2.0.6/lib/passenger/abstract_server.rb:317:in `__send__'
    /var/lib/gems/1.8/gems/passenger-2.0.6/lib/passenger/abstract_server.rb:317:in `main_loop'
    /var/lib/gems/1.8/gems/passenger-2.0.6/lib/passenger/abstract_server.rb:168:in `start_synchronously'
    /var/lib/gems/1.8/gems/passenger-2.0.6/bin/passenger-spawn-server:46

Rendering /home/iron4o/rails/bugtracker/vendor/rails/actionpack/lib/action_controller/templates/rescues/layout.erb (not_found)


Processing ApplicationController#index (for 127.0.0.1 at 2009-01-17 19:23:42) [GET]
  Session ID: BAh7BiIKZmxhc2hJQzonQWN0aW9uQ29udHJvbGxlcjo6Rmxhc2g6OkZsYXNo
SGFzaHsABjoKQHVzZWR7AA==--d625b3ff7d4471642518930b87cfbd61ce62054b
  Parameters: {}


ActionController::RoutingError (No route matches "/rails/info/properties" with {:method=>:get}):
    /vendor/rails/actionpack/lib/action_controller/routing/recognition_optimisation.rb:67:in `recognize_path'
    /vendor/rails/actionpack/lib/action_controller/routing/route_set.rb:384:in `recognize'
    /vendor/rails/actionpack/lib/action_controller/dispatcher.rb:148:in `handle_request'
    /vendor/rails/actionpack/lib/action_controller/dispatcher.rb:107:in `dispatch'
    /vendor/rails/actionpack/lib/action_controller/dispatcher.rb:104:in `synchronize'
    /vendor/rails/actionpack/lib/action_controller/dispatcher.rb:104:in `dispatch'
    /vendor/rails/actionpack/lib/action_controller/dispatcher.rb:120:in `dispatch_cgi'
    /vendor/rails/actionpack/lib/action_controller/dispatcher.rb:35:in `dispatch'
    /var/lib/gems/1.8/gems/passenger-2.0.6/lib/passenger/railz/request_handler.rb:38:in `process_request'
    /var/lib/gems/1.8/gems/passenger-2.0.6/lib/passenger/abstract_request_handler.rb:165:in `main_loop'
    /var/lib/gems/1.8/gems/passenger-2.0.6/lib/passenger/railz/application_spawner.rb:321:in `start_request_handler'
    /var/lib/gems/1.8/gems/passenger-2.0.6/lib/passenger/railz/application_spawner.rb:282:in `handle_spawn_application'
    /var/lib/gems/1.8/gems/passenger-2.0.6/lib/passenger/utils.rb:163:in `safe_fork'
    /var/lib/gems/1.8/gems/passenger-2.0.6/lib/passenger/utils.rb:161:in `fork'
    /var/lib/gems/1.8/gems/passenger-2.0.6/lib/passenger/utils.rb:161:in `safe_fork'
    /var/lib/gems/1.8/gems/passenger-2.0.6/lib/passenger/railz/application_spawner.rb:280:in `handle_spawn_application'
    /var/lib/gems/1.8/gems/passenger-2.0.6/lib/passenger/utils.rb:163:in `safe_fork'
    /var/lib/gems/1.8/gems/passenger-2.0.6/lib/passenger/utils.rb:161:in `fork'
    /var/lib/gems/1.8/gems/passenger-2.0.6/lib/passenger/utils.rb:161:in `safe_fork'
    /var/lib/gems/1.8/gems/passenger-2.0.6/lib/passenger/railz/application_spawner.rb:279:in `handle_spawn_application'
    /var/lib/gems/1.8/gems/passenger-2.0.6/lib/passenger/abstract_server.rb:317:in `__send__'
    /var/lib/gems/1.8/gems/passenger-2.0.6/lib/passenger/abstract_server.rb:317:in `main_loop'
    /var/lib/gems/1.8/gems/passenger-2.0.6/lib/passenger/abstract_server.rb:168:in `start_synchronously'
    /var/lib/gems/1.8/gems/passenger-2.0.6/lib/passenger/abstract_server.rb:135:in `start'
    /var/lib/gems/1.8/gems/passenger-2.0.6/lib/passenger/abstract_server.rb:112:in `fork'
    /var/lib/gems/1.8/gems/passenger-2.0.6/lib/passenger/abstract_server.rb:112:in `start'
    /var/lib/gems/1.8/gems/passenger-2.0.6/lib/passenger/railz/application_spawner.rb:179:in `start'
    /var/lib/gems/1.8/gems/passenger-2.0.6/lib/passenger/spawn_manager.rb:222:in `spawn_rails_application'
    /var/lib/gems/1.8/gems/passenger-2.0.6/lib/passenger/spawn_manager.rb:217:in `synchronize'
    /var/lib/gems/1.8/gems/passenger-2.0.6/lib/passenger/spawn_manager.rb:217:in `spawn_rails_application'
    /var/lib/gems/1.8/gems/passenger-2.0.6/lib/passenger/spawn_manager.rb:126:in `spawn_application'
    /var/lib/gems/1.8/gems/passenger-2.0.6/lib/passenger/spawn_manager.rb:251:in `handle_spawn_application'
    /var/lib/gems/1.8/gems/passenger-2.0.6/lib/passenger/abstract_server.rb:317:in `__send__'
    /var/lib/gems/1.8/gems/passenger-2.0.6/lib/passenger/abstract_server.rb:317:in `main_loop'
    /var/lib/gems/1.8/gems/passenger-2.0.6/lib/passenger/abstract_server.rb:168:in `start_synchronously'
    /var/lib/gems/1.8/gems/passenger-2.0.6/bin/passenger-spawn-server:46

Rendering /home/iron4o/rails/bugtracker/vendor/rails/actionpack/lib/action_controller/templates/rescues/layout.erb (not_found)


Processing ApplicationController#index (for 127.0.0.1 at 2009-01-17 19:23:43) [GET]
  Session ID: BAh7BiIKZmxhc2hJQzonQWN0aW9uQ29udHJvbGxlcjo6Rmxhc2g6OkZsYXNo
SGFzaHsABjoKQHVzZWR7AA==--d625b3ff7d4471642518930b87cfbd61ce62054b
  Parameters: {}


ActionController::RoutingError (No route matches "/rails/info/properties" with {:method=>:get}):
    /vendor/rails/actionpack/lib/action_controller/routing/recognition_optimisation.rb:67:in `recognize_path'
    /vendor/rails/actionpack/lib/action_controller/routing/route_set.rb:384:in `recognize'
    /vendor/rails/actionpack/lib/action_controller/dispatcher.rb:148:in `handle_request'
    /vendor/rails/actionpack/lib/action_controller/dispatcher.rb:107:in `dispatch'
    /vendor/rails/actionpack/lib/action_controller/dispatcher.rb:104:in `synchronize'
    /vendor/rails/actionpack/lib/action_controller/dispatcher.rb:104:in `dispatch'
    /vendor/rails/actionpack/lib/action_controller/dispatcher.rb:120:in `dispatch_cgi'
    /vendor/rails/actionpack/lib/action_controller/dispatcher.rb:35:in `dispatch'
    /var/lib/gems/1.8/gems/passenger-2.0.6/lib/passenger/railz/request_handler.rb:38:in `process_request'
    /var/lib/gems/1.8/gems/passenger-2.0.6/lib/passenger/abstract_request_handler.rb:165:in `main_loop'
    /var/lib/gems/1.8/gems/passenger-2.0.6/lib/passenger/railz/application_spawner.rb:321:in `start_request_handler'
    /var/lib/gems/1.8/gems/passenger-2.0.6/lib/passenger/railz/application_spawner.rb:282:in `handle_spawn_application'
    /var/lib/gems/1.8/gems/passenger-2.0.6/lib/passenger/utils.rb:163:in `safe_fork'
    /var/lib/gems/1.8/gems/passenger-2.0.6/lib/passenger/utils.rb:161:in `fork'
    /var/lib/gems/1.8/gems/passenger-2.0.6/lib/passenger/utils.rb:161:in `safe_fork'
    /var/lib/gems/1.8/gems/passenger-2.0.6/lib/passenger/railz/application_spawner.rb:280:in `handle_spawn_application'
    /var/lib/gems/1.8/gems/passenger-2.0.6/lib/passenger/utils.rb:163:in `safe_fork'
    /var/lib/gems/1.8/gems/passenger-2.0.6/lib/passenger/utils.rb:161:in `fork'
    /var/lib/gems/1.8/gems/passenger-2.0.6/lib/passenger/utils.rb:161:in `safe_fork'
    /var/lib/gems/1.8/gems/passenger-2.0.6/lib/passenger/railz/application_spawner.rb:279:in `handle_spawn_application'
    /var/lib/gems/1.8/gems/passenger-2.0.6/lib/passenger/abstract_server.rb:317:in `__send__'
    /var/lib/gems/1.8/gems/passenger-2.0.6/lib/passenger/abstract_server.rb:317:in `main_loop'
    /var/lib/gems/1.8/gems/passenger-2.0.6/lib/passenger/abstract_server.rb:168:in `start_synchronously'
    /var/lib/gems/1.8/gems/passenger-2.0.6/lib/passenger/abstract_server.rb:135:in `start'
    /var/lib/gems/1.8/gems/passenger-2.0.6/lib/passenger/abstract_server.rb:112:in `fork'
    /var/lib/gems/1.8/gems/passenger-2.0.6/lib/passenger/abstract_server.rb:112:in `start'
    /var/lib/gems/1.8/gems/passenger-2.0.6/lib/passenger/railz/application_spawner.rb:179:in `start'
    /var/lib/gems/1.8/gems/passenger-2.0.6/lib/passenger/spawn_manager.rb:222:in `spawn_rails_application'
    /var/lib/gems/1.8/gems/passenger-2.0.6/lib/passenger/spawn_manager.rb:217:in `synchronize'
    /var/lib/gems/1.8/gems/passenger-2.0.6/lib/passenger/spawn_manager.rb:217:in `spawn_rails_application'
    /var/lib/gems/1.8/gems/passenger-2.0.6/lib/passenger/spawn_manager.rb:126:in `spawn_application'
    /var/lib/gems/1.8/gems/passenger-2.0.6/lib/passenger/spawn_manager.rb:251:in `handle_spawn_application'
    /var/lib/gems/1.8/gems/passenger-2.0.6/lib/passenger/abstract_server.rb:317:in `__send__'
    /var/lib/gems/1.8/gems/passenger-2.0.6/lib/passenger/abstract_server.rb:317:in `main_loop'
    /var/lib/gems/1.8/gems/passenger-2.0.6/lib/passenger/abstract_server.rb:168:in `start_synchronously'
    /var/lib/gems/1.8/gems/passenger-2.0.6/bin/passenger-spawn-server:46

Rendering /home/iron4o/rails/bugtracker/vendor/rails/actionpack/lib/action_controller/templates/rescues/layout.erb (not_found)
